0 verbose cli /usr/local/bin/node /usr/local/bin/npm
1 info using npm@8.7.0
2 info using node@v16.14.2
3 timing npm:load:whichnode Completed in 1ms
4 timing config:load:defaults Completed in 6ms
5 timing config:load:file:/usr/local/lib/node_modules/npm/npmrc Completed in 2ms
6 timing config:load:builtin Completed in 2ms
7 timing config:load:cli Completed in 65ms
8 timing config:load:env Completed in 1ms
9 timing config:load:project Completed in 10ms
10 timing config:load:file:/home/container/.npmrc Completed in 1ms
11 timing config:load:user Completed in 1ms
12 timing config:load:file:/usr/local/etc/npmrc Completed in 86ms
13 timing config:load:global Completed in 87ms
14 timing config:load:validate Completed in 0ms
15 timing config:load:credentials Completed in 2ms
16 timing config:load:setEnvs Completed in 2ms
17 timing config:load Completed in 180ms
18 timing npm:load:configload Completed in 181ms
19 timing npm:load:mkdirpcache Completed in 3ms
20 timing npm:load:mkdirplogs Completed in 1ms
21 verbose title npm install
22 verbose argv "install"
23 timing npm:load:setTitle Completed in 3ms
24 timing config:load:flatten Completed in 8ms
25 timing npm:load:display Completed in 14ms
26 verbose logfile logs-max:10 dir:/home/container/.npm/_logs
27 verbose logfile /home/container/.npm/_logs/2022-04-19T04_18_38_921Z-debug-0.log
28 timing npm:load:logFile Completed in 74ms
29 timing npm:load:timers Completed in 0ms
30 timing npm:load:configScope Completed in 1ms
31 timing npm:load Completed in 279ms
32 timing arborist:ctor Completed in 3ms
33 silly logfile start cleaning logs, removing 1 files
34 silly logfile done cleaning log files
35 timing idealTree:init Completed in 997ms
36 timing idealTree:userRequests Completed in 0ms
37 silly idealTree buildDeps
38 timing idealTree:#root Completed in 0ms
39 timing idealTree:buildDeps Completed in 4ms
40 timing idealTree:fixDepFlags Completed in 0ms
41 timing idealTree Completed in 1016ms
42 timing arborist:ctor Completed in 1ms
43 timing reify:loadTrees Completed in 1591ms
44 timing reify:diffTrees Completed in 17ms
45 silly reify moves {}
46 timing reify:retireShallow Completed in 3ms
47 timing reify:createSparse Completed in 0ms
48 timing reify:loadBundles Completed in 0ms
49 silly audit bulk request {
49 silly audit   '@discordjs/builders': [ '0.11.0' ],
49 silly audit   '@discordjs/collection': [ '0.1.6', '0.4.0' ],
49 silly audit   '@sapphire/async-queue': [ '1.3.1' ],
49 silly audit   '@sindresorhus/is': [ '4.6.0' ],
49 silly audit   '@types/node': [ '14.18.12' ],
49 silly audit   '@types/node-fetch': [ '2.6.1' ],
49 silly audit   '@types/ws': [ '7.4.7', '8.5.3' ],
49 silly audit   'abort-controller': [ '3.0.0' ],
49 silly audit   ajv: [ '6.12.6' ],
49 silly audit   'ansi-regex': [ '2.1.1' ],
49 silly audit   aproba: [ '1.2.0' ],
49 silly audit   'are-we-there-yet': [ '1.1.7' ],
49 silly audit   'array-uniq': [ '1.0.2' ],
49 silly audit   asn1: [ '0.2.6' ],
49 silly audit   'assert-plus': [ '1.0.0' ],
49 silly audit   asynckit: [ '0.4.0' ],
49 silly audit   'aws-sign2': [ '0.7.0' ],
49 silly audit   aws4: [ '1.11.0' ],
49 silly audit   'base64-js': [ '1.5.1' ],
49 silly audit   'bcrypt-pbkdf': [ '1.0.2' ],
49 silly audit   tweetnacl: [ '0.14.5', '1.0.3' ],
49 silly audit   'better-sqlite3': [ '7.5.1' ],
49 silly audit   bindings: [ '1.5.0' ],
49 silly audit   bl: [ '4.1.0' ],
49 silly audit   'readable-stream': [ '3.6.0', '2.3.7' ],
49 silly audit   buffer: [ '5.7.1' ],
49 silly audit   caseless: [ '0.12.0' ],
49 silly audit   chownr: [ '1.1.4' ],
49 silly audit   'code-point-at': [ '1.1.0' ],
49 silly audit   'combined-stream': [ '1.0.8' ],
49 silly audit   'console-control-strings': [ '1.1.0' ],
49 silly audit   'core-util-is': [ '1.0.3', '1.0.2' ],
49 silly audit   dashdash: [ '1.14.1' ],
49 silly audit   'decompress-response': [ '6.0.0' ],
49 silly audit   'deep-extend': [ '0.6.0' ],
49 silly audit   'delayed-stream': [ '1.0.0' ],
49 silly audit   delegates: [ '1.0.0' ],
49 silly audit   'detect-libc': [ '2.0.1' ],
49 silly audit   'discord-api-types': [ '0.26.1' ],
49 silly audit   'discord-backup': [ '3.0.1' ],
49 silly audit   'discord.js': [ '13.6.0', '12.0.0' ],
49 silly audit   'form-data': [ '4.0.0', '3.0.1', '2.3.3' ],
49 silly audit   ws: [ '8.5.0', '7.5.7' ],
49 silly audit   'discord-button-pages': [ '1.1.9' ],
49 silly audit   'discord-buttons': [ '3.2.1', '4.0.0-deprecated' ],
49 silly audit   'discord-logs': [ '2.0.1' ],
49 silly audit   dotenv: [ '16.0.0' ],
49 silly audit   'ecc-jsbn': [ '0.1.2' ],
49 silly audit   'end-of-stream': [ '1.4.4' ],
49 silly audit   'event-target-shim': [ '5.0.1' ],
49 silly audit   'expand-template': [ '2.0.3' ],
49 silly audit   extend: [ '3.0.2' ],
49 silly audit   extsprintf: [ '1.3.0' ],
49 silly audit   'fast-deep-equal': [ '3.1.3' ],
49 silly audit   'fast-json-stable-stringify': [ '2.1.0' ],
49 silly audit   'file-uri-to-path': [ '1.0.0' ],
49 silly audit   'forever-agent': [ '0.6.1' ],
49 silly audit   'fs-constants': [ '1.0.0' ],
49 silly audit   gauge: [ '2.7.4' ],
49 silly audit   getpass: [ '0.1.7' ],
49 silly audit   'github-from-package': [ '0.0.0' ],
49 silly audit   'har-schema': [ '2.0.0' ],
49 silly audit   'har-validator': [ '5.1.5' ],
49 silly audit   'has-unicode': [ '2.0.1' ],
49 silly audit   'http-signature': [ '1.2.0' ],
49 silly audit   ieee754: [ '1.2.1' ],
49 silly audit   inherits: [ '2.0.4' ],
49 silly audit   ini: [ '1.3.8' ],
49 silly audit   'is-fullwidth-code-point': [ '1.0.0' ],
49 silly audit   'is-typedarray': [ '1.0.0' ],
49 silly audit   isarray: [ '1.0.0' ],
49 silly audit   isstream: [ '0.1.2' ],
49 silly audit   jsbn: [ '0.1.1' ],
49 silly audit   'json-schema': [ '0.4.0' ],
49 silly audit   'json-schema-traverse': [ '0.4.1' ],
49 silly audit   'json-stringify-safe': [ '5.0.1' ],
49 silly audit   jsprim: [ '1.4.2' ],
49 silly audit   lodash: [ '4.17.21' ],
49 silly audit   'lru-cache': [ '7.8.1' ],
49 silly audit   'mime-db': [ '1.52.0' ],
49 silly audit   'mime-types': [ '2.1.35' ],
49 silly audit   'mimic-response': [ '3.1.0' ],
49 silly audit   minimist: [ '1.2.6' ],
49 silly audit   'mkdirp-classic': [ '0.5.3' ],
49 silly audit   ms: [ '2.1.3' ],
49 silly audit   'napi-build-utils': [ '1.0.2' ],
49 silly audit   'node-abi': [ '3.8.0' ],
49 silly audit   'node-fetch': [ '2.6.7' ],
49 silly audit   npmlog: [ '4.1.2' ],
49 silly audit   'number-is-nan': [ '1.0.1' ],
49 silly audit   'oauth-sign': [ '0.9.0' ],
49 silly audit   'object-assign': [ '4.1.1' ],
49 silly audit   once: [ '1.4.0' ],
49 silly audit   'performance-now': [ '2.1.0' ],
49 silly audit   'prebuild-install': [ '7.0.1' ],
49 silly audit   'prism-media': [ '1.3.2' ],
49 silly audit   'process-nextick-args': [ '2.0.1' ],
49 silly audit   psl: [ '1.8.0' ],
49 silly audit   pump: [ '3.0.0' ],
49 silly audit   punycode: [ '2.1.1' ],
49 silly audit   qs: [ '6.5.3' ],
49 silly audit   'quick.db': [ '7.1.3' ],
49 silly audit   randombytes: [ '2.0.3' ],
49 silly audit   randomstring: [ '1.2.2' ],
49 silly audit   rc: [ '1.2.8' ],
49 silly audit   request: [ '2.88.2' ],
49 silly audit   'safe-buffer': [ '5.1.2' ],
49 silly audit   'safer-buffer': [ '2.1.2' ],
49 silly audit   semver: [ '7.3.6' ],
49 silly audit   'set-blocking': [ '2.0.0' ],
49 silly audit   setimmediate: [ '1.0.5' ],
49 silly audit   'signal-exit': [ '3.0.7' ],
49 silly audit   'simple-concat': [ '1.0.1' ],
49 silly audit   'simple-get': [ '4.0.1' ],
49 silly audit   sshpk: [ '1.17.0' ],
49 silly audit   string_decoder: [ '1.1.1' ],
49 silly audit   'string-width': [ '1.0.2' ],
49 silly audit   'strip-ansi': [ '3.0.1' ],
49 silly audit   'strip-json-comments': [ '2.0.1' ],
49 silly audit   'tar-fs': [ '2.1.1' ],
49 silly audit   'tar-stream': [ '2.2.0' ],
49 silly audit   'tough-cookie': [ '2.5.0' ],
49 silly audit   tr46: [ '0.0.3' ],
49 silly audit   'ts-mixer': [ '6.0.1' ],
49 silly audit   tslib: [ '2.3.1' ],
49 silly audit   'tunnel-agent': [ '0.6.0' ],
49 silly audit   'uri-js': [ '4.4.1' ],
49 silly audit   'util-deprecate': [ '1.0.2' ],
49 silly audit   uuid: [ '3.4.0' ],
49 silly audit   verror: [ '1.10.0' ],
49 silly audit   'webidl-conversions': [ '3.0.1' ],
49 silly audit   'whatwg-url': [ '5.0.0' ],
49 silly audit   'wide-align': [ '1.1.5' ],
49 silly audit   wrappy: [ '1.0.2' ],
49 silly audit   zod: [ '3.14.4' ]
49 silly audit }
50 timing reify:unpack Completed in 9ms
51 timing reify:unretire Completed in 0ms
52 timing build:queue Completed in 0ms
53 timing build:deps Completed in 1ms
54 timing build Completed in 1ms
55 timing reify:build Completed in 2ms
56 timing reify:trash Completed in 0ms
57 timing reify:save Completed in 274ms
58 http fetch POST 200 https://registry.npmjs.org/-/npm/v1/security/advisories/bulk 713ms
59 timing auditReport:getReport Completed in 782ms
60 silly audit report {}
61 timing auditReport:init Completed in 0ms
62 timing reify:audit Completed in 784ms
63 timing reify Completed in 2430ms
64 timing command:install Completed in 2512ms
65 verbose exit 0
66 timing npm Completed in 3137ms
67 info ok
