0 verbose cli /usr/local/bin/node /usr/local/bin/npm
1 info using npm@8.7.0
2 info using node@v16.14.2
3 timing npm:load:whichnode Completed in 52ms
4 timing config:load:defaults Completed in 6ms
5 timing config:load:file:/usr/local/lib/node_modules/npm/npmrc Completed in 2ms
6 timing config:load:builtin Completed in 3ms
7 timing config:load:cli Completed in 8ms
8 timing config:load:env Completed in 2ms
9 timing config:load:project Completed in 87ms
10 timing config:load:file:/home/container/.npmrc Completed in 0ms
11 timing config:load:user Completed in 1ms
12 timing config:load:file:/usr/local/etc/npmrc Completed in 1ms
13 timing config:load:global Completed in 1ms
14 timing config:load:validate Completed in 1ms
15 timing config:load:credentials Completed in 2ms
16 timing config:load:setEnvs Completed in 3ms
17 timing config:load Completed in 115ms
18 timing npm:load:configload Completed in 115ms
19 timing npm:load:mkdirpcache Completed in 3ms
20 timing npm:load:mkdirplogs Completed in 1ms
21 verbose title npm install discord.js@12.0.0 discord-buttons dotenv quick.db ms request discord-logs discord-backup randomstring discord-button-pages
22 verbose argv "install" "discord.js@12.0.0" "discord-buttons" "dotenv" "quick.db" "ms" "request" "discord-logs" "discord-backup" "randomstring" "discord-button-pages"
23 timing npm:load:setTitle Completed in 6ms
24 timing config:load:flatten Completed in 76ms
25 timing npm:load:display Completed in 81ms
26 verbose logfile logs-max:10 dir:/home/container/.npm/_logs
27 verbose logfile /home/container/.npm/_logs/2022-04-19T04_18_26_443Z-debug-0.log
28 timing npm:load:logFile Completed in 15ms
29 timing npm:load:timers Completed in 1ms
30 timing npm:load:configScope Completed in 0ms
31 timing npm:load Completed in 276ms
32 timing arborist:ctor Completed in 2ms
33 silly logfile start cleaning logs, removing 1 files
34 silly logfile done cleaning log files
35 timing idealTree:init Completed in 916ms
36 timing idealTree:userRequests Completed in 12ms
37 silly idealTree buildDeps
38 silly fetch manifest discord-backup@^3.0.1
39 timing arborist:ctor Completed in 0ms
40 http fetch GET 200 https://registry.npmjs.org/discord-backup 1453ms (cache revalidated)
41 silly fetch manifest discord-button-pages@^1.1.9
42 http fetch GET 200 https://registry.npmjs.org/discord-button-pages 671ms (cache revalidated)
43 silly fetch manifest discord-buttons@^4.0.0-deprecated
44 http fetch GET 200 https://registry.npmjs.org/discord-buttons 215ms (cache revalidated)
45 silly fetch manifest discord-logs@^2.0.1
46 http fetch GET 200 https://registry.npmjs.org/discord-logs 37ms (cache revalidated)
47 silly fetch manifest discord.js@12.0.0
48 http fetch GET 200 https://registry.npmjs.org/discord.js 73ms (cache revalidated)
49 silly fetch manifest bufferutil@^4.0.1
50 http fetch GET 200 https://registry.npmjs.org/bufferutil 35ms (cache revalidated)
51 silly fetch manifest erlpack@discordapp/erlpack
52 silly fetch manifest libsodium-wrappers@^0.7.6
53 http fetch GET 200 https://registry.npmjs.org/libsodium-wrappers 715ms (cache revalidated)
54 silly fetch manifest sodium@^3.0.2
55 http fetch GET 200 https://registry.npmjs.org/sodium 658ms (cache revalidated)
56 silly fetch manifest utf-8-validate@^5.0.2
57 http fetch GET 200 https://registry.npmjs.org/utf-8-validate 34ms (cache revalidated)
58 silly fetch manifest zlib-sync@^0.1.6
59 http fetch GET 200 https://registry.npmjs.org/zlib-sync 650ms (cache revalidated)
60 silly fetch manifest dotenv@^16.0.0
61 http fetch GET 200 https://registry.npmjs.org/dotenv 34ms (cache revalidated)
62 silly fetch manifest ms@^2.1.3
63 http fetch GET 200 https://registry.npmjs.org/ms 77ms (cache updated)
64 silly fetch manifest quick.db@^7.1.3
65 http fetch GET 200 https://registry.npmjs.org/quick.db 38ms (cache revalidated)
66 silly fetch manifest randomstring@^1.2.2
67 http fetch GET 200 https://registry.npmjs.org/randomstring 663ms (cache revalidated)
68 silly fetch manifest request@^2.88.2
69 http fetch GET 200 https://registry.npmjs.org/request 44ms (cache revalidated)
70 silly placeDep ROOT discord-backup@3.0.1 REPLACE for:  want: ^3.0.1
71 silly placeDep ROOT discord-button-pages@1.1.9 REPLACE for:  want: ^1.1.9
72 silly placeDep ROOT discord-buttons@4.0.0-deprecated REPLACE for:  want: ^4.0.0-deprecated
73 silly placeDep ROOT discord-logs@2.0.1 REPLACE for:  want: ^2.0.1
74 silly placeDep ROOT discord.js@12.0.0 REPLACE for:  want: 12.0.0
75 silly placeDep ROOT dotenv@16.0.0 REPLACE for:  want: ^16.0.0
76 silly placeDep ROOT ms@2.1.3 REPLACE for:  want: ^2.1.3
77 silly placeDep ROOT quick.db@7.1.3 REPLACE for:  want: ^7.1.3
78 silly placeDep ROOT randomstring@1.2.2 REPLACE for:  want: ^1.2.2
79 silly placeDep ROOT request@2.88.2 REPLACE for:  want: ^2.88.2
80 timing idealTree:#root Completed in 8101ms
81 timing idealTree:node_modules/discord-backup Completed in 0ms
82 timing idealTree:node_modules/discord-button-pages Completed in 0ms
83 timing idealTree:node_modules/discord-buttons Completed in 0ms
84 timing idealTree:node_modules/discord-logs Completed in 0ms
85 timing idealTree:node_modules/discord.js Completed in 0ms
86 timing idealTree:node_modules/dotenv Completed in 0ms
87 timing idealTree:node_modules/ms Completed in 0ms
88 timing idealTree:node_modules/quick.db Completed in 0ms
89 timing idealTree:node_modules/randomstring Completed in 0ms
90 timing idealTree:node_modules/request Completed in 1ms
91 timing idealTree:buildDeps Completed in 8159ms
92 timing idealTree:fixDepFlags Completed in 8ms
93 timing idealTree Completed in 9114ms
94 timing reify:loadTrees Completed in 9117ms
95 timing reify:diffTrees Completed in 17ms
96 silly reify moves {}
97 timing reify:retireShallow Completed in 4ms
98 timing reify:createSparse Completed in 0ms
99 timing reify:loadBundles Completed in 0ms
100 silly audit bulk request {
100 silly audit   '@discordjs/builders': [ '0.11.0' ],
100 silly audit   '@discordjs/collection': [ '0.1.6', '0.4.0' ],
100 silly audit   '@sapphire/async-queue': [ '1.3.1' ],
100 silly audit   '@sindresorhus/is': [ '4.6.0' ],
100 silly audit   '@types/node': [ '14.18.12' ],
100 silly audit   '@types/node-fetch': [ '2.6.1' ],
100 silly audit   '@types/ws': [ '7.4.7', '8.5.3' ],
100 silly audit   'abort-controller': [ '3.0.0' ],
100 silly audit   ajv: [ '6.12.6' ],
100 silly audit   'ansi-regex': [ '2.1.1' ],
100 silly audit   aproba: [ '1.2.0' ],
100 silly audit   'are-we-there-yet': [ '1.1.7' ],
100 silly audit   'array-uniq': [ '1.0.2' ],
100 silly audit   asn1: [ '0.2.6' ],
100 silly audit   'assert-plus': [ '1.0.0' ],
100 silly audit   asynckit: [ '0.4.0' ],
100 silly audit   'aws-sign2': [ '0.7.0' ],
100 silly audit   aws4: [ '1.11.0' ],
100 silly audit   'base64-js': [ '1.5.1' ],
100 silly audit   'bcrypt-pbkdf': [ '1.0.2' ],
100 silly audit   tweetnacl: [ '0.14.5', '1.0.3' ],
100 silly audit   'better-sqlite3': [ '7.5.1' ],
100 silly audit   bindings: [ '1.5.0' ],
100 silly audit   bl: [ '4.1.0' ],
100 silly audit   'readable-stream': [ '3.6.0', '2.3.7' ],
100 silly audit   buffer: [ '5.7.1' ],
100 silly audit   caseless: [ '0.12.0' ],
100 silly audit   chownr: [ '1.1.4' ],
100 silly audit   'code-point-at': [ '1.1.0' ],
100 silly audit   'combined-stream': [ '1.0.8' ],
100 silly audit   'console-control-strings': [ '1.1.0' ],
100 silly audit   'core-util-is': [ '1.0.3', '1.0.2' ],
100 silly audit   dashdash: [ '1.14.1' ],
100 silly audit   'decompress-response': [ '6.0.0' ],
100 silly audit   'deep-extend': [ '0.6.0' ],
100 silly audit   'delayed-stream': [ '1.0.0' ],
100 silly audit   delegates: [ '1.0.0' ],
100 silly audit   'detect-libc': [ '2.0.1' ],
100 silly audit   'discord-api-types': [ '0.26.1' ],
100 silly audit   'discord.js': [ '13.6.0', '12.0.0' ],
100 silly audit   'form-data': [ '3.0.1', '4.0.0', '2.3.3' ],
100 silly audit   ws: [ '7.5.7', '8.5.0' ],
100 silly audit   'discord-buttons': [ '3.2.1', '4.0.0-deprecated' ],
100 silly audit   'ecc-jsbn': [ '0.1.2' ],
100 silly audit   'end-of-stream': [ '1.4.4' ],
100 silly audit   'event-target-shim': [ '5.0.1' ],
100 silly audit   'expand-template': [ '2.0.3' ],
100 silly audit   extend: [ '3.0.2' ],
100 silly audit   extsprintf: [ '1.3.0' ],
100 silly audit   'fast-deep-equal': [ '3.1.3' ],
100 silly audit   'fast-json-stable-stringify': [ '2.1.0' ],
100 silly audit   'file-uri-to-path': [ '1.0.0' ],
100 silly audit   'forever-agent': [ '0.6.1' ],
100 silly audit   'fs-constants': [ '1.0.0' ],
100 silly audit   gauge: [ '2.7.4' ],
100 silly audit   getpass: [ '0.1.7' ],
100 silly audit   'github-from-package': [ '0.0.0' ],
100 silly audit   'har-schema': [ '2.0.0' ],
100 silly audit   'har-validator': [ '5.1.5' ],
100 silly audit   'has-unicode': [ '2.0.1' ],
100 silly audit   'http-signature': [ '1.2.0' ],
100 silly audit   ieee754: [ '1.2.1' ],
100 silly audit   inherits: [ '2.0.4' ],
100 silly audit   ini: [ '1.3.8' ],
100 silly audit   'is-fullwidth-code-point': [ '1.0.0' ],
100 silly audit   'is-typedarray': [ '1.0.0' ],
100 silly audit   isarray: [ '1.0.0' ],
100 silly audit   isstream: [ '0.1.2' ],
100 silly audit   jsbn: [ '0.1.1' ],
100 silly audit   'json-schema': [ '0.4.0' ],
100 silly audit   'json-schema-traverse': [ '0.4.1' ],
100 silly audit   'json-stringify-safe': [ '5.0.1' ],
100 silly audit   jsprim: [ '1.4.2' ],
100 silly audit   lodash: [ '4.17.21' ],
100 silly audit   'lru-cache': [ '7.8.1' ],
100 silly audit   'mime-db': [ '1.52.0' ],
100 silly audit   'mime-types': [ '2.1.35' ],
100 silly audit   'mimic-response': [ '3.1.0' ],
100 silly audit   minimist: [ '1.2.6' ],
100 silly audit   'mkdirp-classic': [ '0.5.3' ],
100 silly audit   'napi-build-utils': [ '1.0.2' ],
100 silly audit   'node-abi': [ '3.8.0' ],
100 silly audit   'node-fetch': [ '2.6.7' ],
100 silly audit   npmlog: [ '4.1.2' ],
100 silly audit   'number-is-nan': [ '1.0.1' ],
100 silly audit   'oauth-sign': [ '0.9.0' ],
100 silly audit   'object-assign': [ '4.1.1' ],
100 silly audit   once: [ '1.4.0' ],
100 silly audit   'performance-now': [ '2.1.0' ],
100 silly audit   'prebuild-install': [ '7.0.1' ],
100 silly audit   'prism-media': [ '1.3.2' ],
100 silly audit   'process-nextick-args': [ '2.0.1' ],
100 silly audit   psl: [ '1.8.0' ],
100 silly audit   pump: [ '3.0.0' ],
100 silly audit   punycode: [ '2.1.1' ],
100 silly audit   qs: [ '6.5.3' ],
100 silly audit   randombytes: [ '2.0.3' ],
100 silly audit   rc: [ '1.2.8' ],
100 silly audit   'safe-buffer': [ '5.1.2' ],
100 silly audit   'safer-buffer': [ '2.1.2' ],
100 silly audit   semver: [ '7.3.6' ],
100 silly audit   'set-blocking': [ '2.0.0' ],
100 silly audit   setimmediate: [ '1.0.5' ],
100 silly audit   'signal-exit': [ '3.0.7' ],
100 silly audit   'simple-concat': [ '1.0.1' ],
100 silly audit   'simple-get': [ '4.0.1' ],
100 silly audit   sshpk: [ '1.17.0' ],
100 silly audit   string_decoder: [ '1.1.1' ],
100 silly audit   'string-width': [ '1.0.2' ],
100 silly audit   'strip-ansi': [ '3.0.1' ],
100 silly audit   'strip-json-comments': [ '2.0.1' ],
100 silly audit   'tar-fs': [ '2.1.1' ],
100 silly audit   'tar-stream': [ '2.2.0' ],
100 silly audit   'tough-cookie': [ '2.5.0' ],
100 silly audit   tr46: [ '0.0.3' ],
100 silly audit   'ts-mixer': [ '6.0.1' ],
100 silly audit   tslib: [ '2.3.1' ],
100 silly audit   'tunnel-agent': [ '0.6.0' ],
100 silly audit   'uri-js': [ '4.4.1' ],
100 silly audit   'util-deprecate': [ '1.0.2' ],
100 silly audit   uuid: [ '3.4.0' ],
100 silly audit   verror: [ '1.10.0' ],
100 silly audit   'webidl-conversions': [ '3.0.1' ],
100 silly audit   'whatwg-url': [ '5.0.0' ],
100 silly audit   'wide-align': [ '1.1.5' ],
100 silly audit   wrappy: [ '1.0.2' ],
100 silly audit   zod: [ '3.14.4' ],
100 silly audit   'discord-backup': [ '3.0.1' ],
100 silly audit   'discord-button-pages': [ '1.1.9' ],
100 silly audit   'discord-logs': [ '2.0.1' ],
100 silly audit   dotenv: [ '16.0.0' ],
100 silly audit   ms: [ '2.1.3' ],
100 silly audit   'quick.db': [ '7.1.3' ],
100 silly audit   randomstring: [ '1.2.2' ],
100 silly audit   request: [ '2.88.2' ]
100 silly audit }
101 timing reify:unpack Completed in 2ms
102 timing reify:unretire Completed in 0ms
103 timing build:queue Completed in 0ms
104 timing build:deps Completed in 1ms
105 timing build Completed in 2ms
106 timing reify:build Completed in 3ms
107 timing reify:trash Completed in 0ms
108 timing reify:save Completed in 272ms
109 http fetch POST 200 https://registry.npmjs.org/-/npm/v1/security/advisories/bulk 468ms
110 timing auditReport:getReport Completed in 484ms
111 silly audit report {}
112 timing auditReport:init Completed in 0ms
113 timing reify:audit Completed in 486ms
114 timing reify Completed in 9769ms
115 timing command:install Completed in 9793ms
116 verbose exit 0
117 timing npm Completed in 10470ms
118 info ok
